push I 3
push I 4
lt I
fjmp L0
push S "condition was true"
print 1
jmp L1
label L0
push S "condition was false"
print 1
label L1
push B true
fjmp L2
push S "inside"
print 1
push S "second"
print 1
push S "if"
print 1
label L2
push I 0
save a
push I 0
save b
label L4
load a
push I 10
lt I
fjmp L5
push S "a="
load a
print 2
load a
push I 1
add I
save a
load a
pop
jmp L4
label L5
push I 0
save a
load a
pop
read I
save b
label L6
load a
load b
lt I
fjmp L7
push S "a="
load a
push S ", b="
load b
print 4
load a
push I 1
add I
save a
load a
pop
jmp L6
label L7
